[    0.000000 Initializing cgroupsusys cpuset
[  00000] Iniazing cgro ssy cpu
[    .000] Iniazig cgoususy cuacct
[    0.000000] inuxveio4.4.0-127enic (buddcy1-am6423(gcc version 5.4.0 20160609 (Ubuntu 5.4.0-6ubuntu1~16.04.9) ) #153-Ubuntu SMP Sat May 19 10:58:46 UTC 2018 (Ubuntu 4.4.0-127.153-generic 4.4.128)
[    0.000000] Command line: BOOT_IMAGE=/boot/vmlinuz-4.4.0-127-generic root=UUID=bbd644b0-b529-40fa-8b06-40f70b789c51 ro console=tty1 console=ttyS0
[    0.000000] KERNEL supported cpus:
[    0.000000]   Intel GenuineIntel
[    0.000000]   AMD AuthenticAMD
[    0.000000]   Centaur CentaurHauls
[    0.000000] x86/fpu: xstate_offset[2]:  576, xstate_sizes[2]:  256
[    0.000000] x86/fpu: Supporting XSAVE feature 0x01: 'x87 floating point registers'
[    0.000000] x86/fpu: Supporting XSAVE feature 0x02: 'SSE registers'
[    0.000000] x86/fpu: Supporting XSAVE feature 0x04: 'AVX registers'
[    0.000000] x86/f: Enable xatfeatre0x, context size is 832 bytes, using 'standard' format.
[    0.000000] x86/fpu: Using 'lazy' FPU context switches.
[    0.000000] e820: BIOS-provided physical RAM map:
[    0.000000] BIOS-e820: [mem 0x0000000000000000-0x000000000009fbff] usable
[    0.000000] BIOS-e820: [mem 0x000000000009fc00-0x000000000009ffff] reserved
[    0.000000] BIOS-e820: [mem 0x00000000000f0000-0x00000000000fffff] reserved
[    0.000000] BIOS-e820: [mem 0x0000000000100000-0x000000003ffeffff] usable
[    0.000000] BIOS-e820: [mem 0x000000003fff0000-0x000000003fffffff] ACPI data
[    0.000000] BIOS-e820: [mem 0x00000000fec00000-0x00000000fec00fff] reserved
[    0.000000] BIOS-e820: [mem 0x00000000fee00000-0x00000000fee00fff] reserved
[    0.000000] BIOS-e820: [mem 0x00000000fffc0000-0x00000000ffffffff] reserved
[    0.000000] NX (Execute Disable) protection: active
[    0.000000] SMBIOS 2.5 present.
[    0.000000] Hypervisor detected: KVM
[    0.000000] e820: last_pfn = 0x3fff0 max_arcpf= 0x400000
[   0.0000]TR: Disabled
[    0.000000] x86AT MTRRs disale sipping PAT inialation too.[  0000000CPMTRR a bnk - virtualized system.
[    0.000000] x86/PAT: Configuration [0-7]: WB  WT  UC- UC  WB  WT  UC- UC  
[    0.000000] found SMPP-ble at [mem 0x0009fff0-0x0009ffff] mapped at [ffff88000009fff0]
[    0.000000] Scanning 1 areas for low memory corruption
[    0.000000] RAMDISK: [mem 0x361f2000-0x370f0fff]
[    0.000000] ACPI: Early table checksum verification disabled
[    0.000000] ACPI: RSDP 0x00000000000E0000 000024 (v02 VBOX  )
[    0.000000] ACPI: XSDT 0x000000003FFF0030 00003C (v01 VBOX   VBOXXSDT 00000001 ASL  00000061)
[    0.000000] ACPI: FACP 0x000000003FFF00F0 0000F4 (v04 VBOX   VBOXFACP 00000001 ASL  00000061)
[    0.000000] ACPI: DSDT 0x000000003FFF0470 0021FF (v02 VBOX   VBOXBIOS 00000002 INTL 20100528)
[    0.000000] ACPI: FACS 0x000000003FFF0200 000040
[    0.000000] ACPI: FACS 0x000000003FFF0200 000040
[    0.000000] ACPI: APIC 0x000000003FFF0240 00005C (v02 VBOX   VBOXAPIC 000000 A  0000061)
[  0.000000] ACPI: SSDT 0x000000003FFF02A0 0001CC (v01 VBOX   VBOXCPUT 00000002 INTL 201028)
[    0.000000] No NUMA configuration found
[    0.0000] Faina de at [mem 0x000000000000-0x0000003fffff]
  0.0000] NODE_DATA(0alcated [me0xfe000-3ffff]
[  00000] vmlo: Using msrs 4b5d0and 4b5600
[    0.000000] m-oc: cpu 0, msr 0:3ffe31,rimary cpu clock
[    0.000000] kvm-clock: using sched offset of 3872646772 cycles
[    0.000000] clocksource: kvm-oc msk: 0ffffffffffff maxcyes0x1cd42eff max_ie_: 81590591483 ns
[    0.000000] Zone ranges:
[    0.000000]   DMA      [mem 0x0000000000001000-0x0000000000ffffff]
[    0.000000]   DMA32    [mem 0x0000000001000000-0x000000003ffeffff]
[    0.000000]   Normal   empty
[    0.000000]   Device   empty
[    0.000000] Movable zone start for each node
[    0.000000] Early memory node ranges
[    0.000000]   node   0: [mem 0x0000000000001000-0x000000000009efff]
[    0.000000]   node   0: [mem 0x0000000000100000-0x000000003ffeffff]
[    0.000000] Initmem setup node 0 [mem 0x0000000000001000-0x000000003ffeffff]
[    0.000000] ACPI: PM-Timer IO Port: 0x4008
[    0.000000] IOAPIC[0]: apic_id 2, version 32, address 0xfec00000, GSI 0-23
[    0.000000] ACPI: INT_SRC_OVR (bus 0 bus_irq 0 global_irq 2 dfl dfl)
[    0.000000] ACPI: INT_SRC_OVR (bus 0 bus_rq 9 global_irq 9 low level)
[    0.000000] Using ACPI (MADT) for SMP cnfiguration inforatn
[    00000smpboot: Alloin2 PUs, 0 hotplugCP
[    0.000000] PM: Registered nosave memory: [mem 0x00000000-0x00000fff]
[    0.000000] PM: Registered nosave memory: [mem 0x0009f000-0x0009ffff]
[    0.000000] PM: Registered nosave memory: [mem 0x000a0000-0x000effff]
[    0.000000] PM: Registered nosave memory: [mem 0x000f0000-0x000fffff]
[    0.000000] e820: [mem 0x40000000-0xfebfffff] available for PCI devices
[    0.000000] Booting paravirtualized kernel on KVM
[    0.000000] clocksource: refined-jiffies: mask: 0xffffffff max_cycles: 0xffffffff, max_idle_ns: 7645519600211568 ns
[    0.000000] setup_percpu: NR_CPUS:512 nr_cpumask_bits:512 nr_cpu_ids:2 nr_node_ids:1
[    0.000000] PERCPU: Embedded 34 pages/cpu @ffff88003fc00000 s99544 r8192 d31528 u1048576
[    0.000000] PV qspinlock hash table entries: 256 (order: 0, 4096 bytes)
[    0.000000] Built 1 zonelists in Node order, mobility grouping on.  Total pages: 257912
[    0.000000] Policy zone: DMA32
[    0.000000] Kernel command line: BOOT_IMAGE=/boot/vmlinuz-4.4.0-127-generic root=UUID=bbd644b0-b529-40fa-8b06-40f70b789c51 ro console=tty1 console=ttyS0
[    0.000000] PID hash table entries: 4096 (order: 3, 32768 bytes)
[    0.000000] Memory: 997164K/1048120K available (8537K kernel code, 1313K rwdata, 4000K rodata, 1512K init, 1316K bss, 50956K reserved, 0K cma-reserved)
[    0.000000] SLUB: HWalign=64, Order=0-3, MinObjects=0, CPUs=2, Nodes=1
[    0.000000] Kernel/User page tables isolation: enabled
[    0.000000] Hierarchical RCU implementation.
[    0.000000] 	Build-time adjustment of leaf fanout to 64.
[    0.000000] 	RCU restricting CPUs from NR_CPUS=512 to nr_cpu_ids=2.
[    0.000000] RCU: Adjusting geometry for rcu_fanout_leaf=664, nr_cpu_ids=2
[    0.000000] NR_IRQS:33024 nr_irqs:440 16
[    0.000000] Console: colour VGA+ 80x25
[    0.000000] console [tty1] enabled
[    0.000000] console [ttyS0] enabled
[    0.000000] tsc: Detected 2303.998 MHz processor
[    2.882532] Calibrating delay loop (skipped) preset value.. 4607.99 BogoMIPS (lpj=9215992)
[    2.884132] pid_max: default: 32768 minimum: 301
[    2.884978] ACPI: Core revision 20150930
[    2.886484] ACPI: 2 ACPI AML tables successfully acquired and loaded
[  2.7758] Security Framework initialized
[    2.952346] Yama: becoming mindful.
[    2.958775] AppArmor: AppArmor initialized
[    3.003345] Dentry cache hash table entries: 131072 (order: 8, 1048576 bytes)
[    3.017833] Inode-cache hash table entries: 65536 (order: 7, 524288 bytes)
[    3.061769] Mount-cache hash table entries: 2048 (order: 2, 16384 bytes)
[    3.135070] Mountpoint-cache hash table entries: 2048 (order: 2, 16384 bytes)
[    3.180790] Initializing cgroup subsys io
[    3.181566] Initializing cgroup subsys memory
[    3.182401] Initializing cgroup subsys devices
[    3.183226] Initializing cgroup subsys freezer
[    3.184051] Initializing cgroup subsys net_cls
[    3.184876] Initializing cgroup subsys perf_event
[    3.185737] Initializing cgroup subsys net_prio
[    3.186582] Initializing cgroup subsys hugetlb
[    3.187266] Initializing cgroup subsys pids
[    3.187959] CPU: Physical Processor ID: 0
[    3.188594] CPU: Processor Core ID: 0
[    3.190764] mce: CPU supports 0 MCE banks
[    3.191414] Last level iTLB entries: 4KB 64, 2MB 8, 4MB 8
[    3.192200] Last level dTLB entries: 4KB 64, 2MB 0, 4MB 0, 1GB 4
[    3.193048] Spectre V2 : Mitigation: Full generic retpoline
[    3.193849] Spectre V2 : Speculation control IBPB not-supported IBRS not-supported
[    3.194868] Spectre V2 : Filling RSB on context switch
[    3.195849] Speculative Store Bypass: Vulnerable
[    3.198181] Freeing SMP alternatives memory: 32K
[    3.205613] ftrace: allocating 32237 entries in 126 pages
[    3.307953] smpboot: APIC(0) Converting physical 0 to logical package 0
[    3.377512] smpboot: Max logical packages: 1
[    3.423303] x2apic enabled
[    3.424078] Switched APIC routing to physical x2apic.
[    3.425928] ..TIMER: vector=0x30 apic1=0 pin1=2 apic2=-1 pin2=-1
[  3.534832] smpboot: CPU0: Intel(R) Core(TM) i5-7360U CPU @ 2.30GHz (family: 0x6, model: 0x8e, stepping: 0x9)
[    3.604132] Performance Events: unsupported p6 CPU model 142 no PMU driver, software events only.
[    3.605830] KVM setup paravirtual spinlock
[    3.607190] x86: Booting SMP configuration:
[    3.607978] .... node  #0, CPUs:      #1
[    3.608875] kvm-clock: cpu 1, msr 0:3ffe3041, secondary cpu clock
[    3.619624] mce: CPU supports 0 MCE banks
[    3.622134] x86: Booted up 1 node, 2 CPUs
[    3.632874] smpboot: Total of 2 processors activated (9215.99 BogoMIPS)
[    3.634328] devtmpfs: initialized
[    3.651906] evm: security.selinux
[    3.678782] evm: security.SMACK64
[    3.680888] evm: security.SMACK64EXEC
[    3.681628] evm: security.SMACK64TRANSMUTE
[    3.682422] evm: security.SMACK64MMAP
[    3.683146] evm: security.ima
[    3.683805] evm: security.capability
[    3.684624] clocksource: jiffies: mask: 0xffffffff max_cycles: 0xffffffff, max_idle_ns: 7645041785100000 ns
[    3.686495] futex hash table entries: 512 (order: 3, 32768 bytes)
[    3.687707] pinctrl core: initialized pinctrl subsystem
[    3.691633] RTC time:  6:58:41, date: 05/25/18
[    3.692792] NET: Registered protocol family 16
[    3.717774] cpuidle: using governor ladder
[    3.733653] cpuidle: using governor menu
[    3.735621] PCCT header not found.
[    3.736253] ACPI: bus type PCI registered
[    3.736892] acpiphp: ACPI Hot Plug PCI Controller Driver version: 0.5
[    3.737929] PCI: Using configuration type 1 for base access
[    3.759437] ACPI: Added _OSI(Module Device)
[    3.778631] ACPI: Added _OSI(Processor Device)
[    3.812746] ACPI: Added _OSI(3.0 _SCP Extensions)
[    3.860014] ACPI: Added _OSI(Processor Aggregator Device)
[    3.886302] ACPI: Executed 1 blocks of module-level executable AML code
[    3.951389] ACPI: Interpreter enabled
[    3.980551] ACPI: (supports S0 S5)
[    3.986796] ACPI: Using IOAPIC for interrupt routing
[    3.987833] PCI: Using host bridge windows from ACPI; if necessary, use "pci=nocrs" and report a bug
[    3.992327] ACPI: PCI Root Bridge [PCI0] (domain 0000 [bus 00-ff])
[    4.004282] acpi PNP0A03:00: _OSC: OS supports [ASPM ClockPM Segments MSI]
[    4.005467] acpi PNP0A03:00: _OSC: not requesting OS control; OS requires [ExtendedConfig ASPM ClockPM MSI]
[    4.007185] acpi PNP0A03:00: fail to add MMCONFIG information, can't access extended PCI configuration space under this bridge.
[    4.030120] PCI host bridge to bus 0000:00
[    4.045758] pci_bus 0000:00: root bus resource [io  0x0000-0x0cf7 window]
[    4.080528] pci_bus 0000:00: root bus resource [io  0x0d00-0xffff window]
[    4.121982] pci_bus 0000:00: root bus resource [mem 0x000a0000-0x000bffff window]
[    4.176736] pci_bus 0000:00: root bus resource [mem 0x40000000-0xfdffffff window]
[    4.212429] pci_bus 0000:00: root bus resource [bus 00-ff]
[    4.266612] pci 0000:00:01.1: legacy IDE quirk: reg 0x10: [io  0x01f0-0x01f7]
[    4.311191] pci 0000:00:01.1: legacy IDE quirk: reg 0x14: [io  0x03f6]
[    4.351335] pci 0000:00:01.1: legacy IDE quirk: reg 0x18: [io  0x0170-0x0177]
[    4.358010] pci 0000:00:01.1: legacy IDE quirk: reg 0x1c: [io  0x0376]
[    4.369880] pci 0000:00:07.0: quirk: [io  0x4000-0x403f] claimed by PIIX4 ACPI
[    4.431473] pci 0000:00:07.0: quirk: [io  0x4100-0x410f] claimed by PIIX4 SMB
[    4.467239] ACPI: PCI Interrupt Link [LNKA] (IRQs 5 9 10 *11)
[    4.492058] ACPI: PCI Interrupt Link [LNKB] (IRQs 5 9 *10 11)
[    4.493463] ACPI: PCI Interrupt Link [LNKC] (IRQs 5 *9 10 11)
[    4.529323] ACPI: PCI Interrupt Link [LNKD] (IRQs 5 9 10 *11)
[    4.582467] ACPI: Enabled 2 GPEs in block 00 to 07
[    4.615481] vgaarb: setting as boot device: PCI:0000:00:02.0
[    4.627600] vgaarb: device added: PCI:0000:00:02.0,decodes=io+mem,owns=io+mem,locks=none
[    4.636297] vgaarb: loaded
[    4.636893] vgaarb: bridge control possible 0000:00:02.0
[    4.638083] SCSI subsystem initialized
[    4.638870] ACPI: bus type USB registered
[    4.639530] usbcore: registered new interface driver usbfs
[    4.640372] usbcore: registered new interface driver hub
[    4.646573] usbcore: registered new device driver usb
[    4.667574] PCI: Using ACPI for IRQ routing
[    4.708148] NetLabel: Initializing
[    4.751771] NetLabel:  domain hash size = 128
[    4.752514] NetLabel:  protocols = UNLABELED CIPSOv4
[    4.753383] NetLabel:  unlabeled traffic allowed by default
[    4.754607] amd_nb: Cannot enumerate AMD northbridges
[    4.755514] clocksource: Switched to clocksource kvm-clock
[    4.764256] AppArmor: AppArmor Filesystem Enabled
[    4.770950] pnp PnP ACPI init[  4296]npPnACPI fnd dic
[   5170]losoceac_p mk:xfffmaxcyes0xff, x_idle_s:08014 
  6.93] T:egted otolamy 

[    6.836224 T eablisedastae entries: 8192 (order: 4, 65536 bytes)
[    7.120094] T bd shab eri: 92orr:, 10 bes
[  7560]CPHa tables configured (established 8192 bind 8192)
[    8.013964] UDP hash table entries: 512 (order: 2, 16384 bytes)
[    8.015645] UDLi hash blenie 5 (de 2 1384 bytes)
[  8811]ETRestedrocofaly
  8.7880] pci 0000:00:00.0:imindictCIPCI transfers
[  9620]pc00:001: titi I D hg rkous[   10.077303] npkinginras.
[   10.536022] Freeing initrd memory: 15356K
[   10.610555] platform rtc_cmos: registered platform RTC device (no PNP device found)
[   10.890694] Scanning for low memory corruption every 60 seconds
[   11.090094] audit: initializing netlink subsys (disabled)
[   11.198991] audit: type=2000 audit(1527231530.332:1): initialized
[   11.230985] Initialise system trusted keyring
[   11.232033] HugeTLB registered 2 MB page size, pre-allocated 0 pages
[   11.242448] zbud: loaded
[   11.249063] VFS: Disk quotas dquot_6.6.0
[   11.253559] VFS: Dquot-cache hash table entries: 512 (order 0, 4096 bytes)
[   11.262124] squashfs: version 4.0 (2009/01/31) Phillip Lougher
[   11.265264] fuse init (API version 7.23)
[   11.271966] Key type big_key registered
[   11.305688] Allocating IMA MOK and blacklist keyrings.
[   11.499634] Key type asymmetric registered
[   11.560430] Asymmetric key parser 'x509' registered
[   11.638948] tsc: Refined TSC clocksource calibration: 2300.479 MHz
[   11.640113] clocksource: tsc: mask: 0xffffffffffffffff max_cycles: 0x2128f9a759f, max_idle_ns: 440795266979 ns
[   11.640212] Block layer SCSI generic (bsg) driver version 0.4 loaded (major 249)
[   11.640250] io scheduler noop registered
[   11.640251] io scheduler deadline registered (default)
[   11.640281] io scheduler cfq registered
[   11.640385] pci_hotplug: PCI Hot Plug PCI Core version: 0.5
[   11.640390] pciehp: PCI Express Hot Plug Controller Driver version: 0.4
[   11.640570] ACPI: AC Adapter [AC] (on-line)
[   11.640613] input: Power Button as /devices/LNXSYSTM:00/LNXPWRBN:00/input/input0
[   11.640615] ACPI: Power Button [PWRF]
[   11.640669] input: Sleep Button as /devices/LNXSYSTM:00/LNXSLPBN:00/input/input1
[   11.640670] ACPI: Sleep Button [SLPF]
[   11.640782] GHES: HEST is not enabled!
[   11.651630] Serial: 8250/16550 driver, 32 ports, IRQ sharing enabled
[   11.683266] 00:02: ttyS0 at I/O 0x3f8 (irq = 4, base_baud = 115200) is a 16550A
[   11.687988] Linux agpgart interface v0.103
[   11.698187] loop: module loaded
[   11.698641] scsi host0: ata_piix
[   11.698683] scsi host1: ata_piix
[   11.698705] ata1: PATA max UDMA/33 cmd 0x1f0 ctl 0x3f6 bmdma 0xd000 irq 14
[   11.698706] ata2: PATA max UDMA/33 cmd 0x170 ctl 0x376 bmdma 0xd008 irq 15
[   11.698762] libphy: Fixed MDIO Bus: probed
[   11.698764] tun: Universal TUN/TAP device driver, 1.6
[   11.698764] tun: (C) 1999-2004 Max Krasnyansky <maxk@qualcomm.com>
[   11.699005] PPP generic driver version 2.4.2
[   11.699044] ehci_hcd: USB 2.0 'Enhanced' Host Controller (EHCI) Driver
[   11.699046] ehci-pci: EHCI PCI platform driver
[   11.699057] ehci-platform: EHCI generic platform driver
[   11.699063] ohci_hcd: USB 1.1 'Open' Host Controller (OHCI) Driver
[   11.699064] ohci-pci: OHCI PCI platform driver
[   11.699071] ohci-platform: OHCI generic platform driver
[   11.699075] uhci_hcd: USB Universal Host Controller Interface driver
[   11.699115] i8042: PNP: PS/2 Controller [PNP0303:PS2K,PNP0f03:PS2M] at 0x60,0x64 irq 1,12
[   11.699543] serio: i8042 KBD port at 0x60,0x64 irq 1
[   11.699547] serio: i8042 AUX port at 0x60,0x64 irq 12
[   11.699666] mousedev: PS/2 mouse device common for all mice
[   11.699960] input: AT Translated Set 2 keyboard as /devices/platform/i8042/serio0/input/input2
[   11.700244] rtc_cmos rtc_cmos: rtc core: registered rtc_cmos as rtc0
[   11.700304] rtc_cmos rtc_cmos: alarms up to one day, 114 bytes nvram
[   11.700309] i2c /dev entries driver
[   11.700349] device-mapper: uevent: version 1.0.3
[   11.700389] device-mapper: ioctl: 4.34.0-ioctl (2015-10-28) initialised: dm-devel@redhat.com
[   11.700402] ledtrig-cpu: registered to indicate activity on CPUs
[   11.700895] NET: Registered protocol family 10
[   11.701010] NET: Registered protocol family 17
[   11.701017] Key type dns_resolver registered
[   11.701178] registered taskstats version 1
[   11.701193] Loading compiled-in X.509 certificates
[   11.701879] Loaded X.509 cert 'Build time autogenerated kernel key: 9f6f572a3ee0cb468eb8db4aa61815bc74ef6adb'
[   11.701900] zswap: loaded using pool lzo/zbud
[   11.703805] Key type trusted registered
[   11.706428] Key type encrypted registered
[   11.706434] AppArmor: AppArmor sha1 policy hashing enabled
[   11.706437] ima: No TPM chip found, activating TPM-bypass!
[   11.706456] evm: HMAC attrs: 0x1
[   11.706751]   Magic number: 2:948:974
[   11.719066] rtc_cmos rtc_cmos: setting system clock to 2018-05-25 06:58:49 UTC (1527231529)
[   11.719187] BIOS EDD facility v0.16 2004-Jun-25, 0 devices found
[   11.719188] EDD information not available.
[   14.399150] Freeing unused kernel memory: 1512K
[   14.411399] Write protecting the kernel read-only data: 14336k
[   14.421202] Freeing unused kernel memory: 1692K
[   14.422263] Freeing unused kernel memory: 96K
Loading, please [   14.433076] random: systemd-udevd: uninitialized urandom read (16 bytes read, 5 bits of entropy available)
wait...
starting version 229
[   14.433558] random: udevadm: uninitialized urandom read (16 bytes read, 5 bits of entropy available)
[   14.433575] random: udevadm: uninitialized urandom read (16 bytes read, 5 bits of entropy available)
[   14.439299] random: udevadm: uninitialized urandom read (16 bytes read, 5 bits of entropy available)
[   14.439332] random: udevadm: uninitialized urandom read (16 bytes read, 5 bits of entropy available)
[   14.439431] random: udevadm: uninitialized urandom read (16 bytes read, 5 bits of entropy available)
[   14.439468] random: udevadm: uninitialized urandom read (16 bytes read, 5 bits of entropy available)
[   14.439506] random: udevadm: uninitialized urandom read (16 bytes read, 5 bits of entropy available)
[   14.439541] random: udevadm: uninitialized urandom read (16 bytes read, 5 bits of entropy available)
[   14.439575] random: udevadm: uninitialized urandom read (16 bytes read, 5 bits of entropy available)
[   14.509069] e1000: Intel(R) PRO/1000 Network Driver - version 7.3.21-k8-NAPI
[   14.532539] e1000: Copyright (c) 1999-2006 Intel Corporation.
[   14.554436] Fusion MPT base driver 3.04.20
[   14.555272] Copyright (c) 1999-2008 LSI Corporation
[   14.561480] AVX2 version of gcm_enc/dec engaged.
[   14.570219] AES CTR mode by8 optimization enabled
[   14.576533] Fusion MPT SPI Host driver 3.04.20
[   14.752571] input: ImExPS/2 Generic Explorer Mouse as /devices/platform/i8042/serio1/input/input4
[   14.896666] e1000 0000:00:03.0 eth0: (PCI:33MHz:32-bit) 02:a3:be:24:b1:4f
[   15.040578] e1000 0000:00:03.0 eth0: Intel(R) PRO/1000 Network Connection
[   15.531195] e1000 0000:00:08.0 eth1: (PCI:33MHz:32-bit) 08:00:27:e2:1a:df
[   15.540804] e1000 0000:00:08.0 eth1: Intel(R) PRO/1000 Network Connection
[   15.542535] e1000 0000:00:03.0 enp0s3: renamed from eth0
[   15.544346] mptbase: ioc0: Initiating bringup
[   15.552186] e1000 0000:00:08.0 enp0s8: renamed from eth1
[   15.619830] ioc0: LSI53C1030 A0: Capabilities={Initiator}
[   16.311345] scsi host2: ioc0: LSI53C1030 A0, FwRev=00000000h, Ports=1, MaxQ=256, IRQ=20
[   16.450526] scsi 2:0:0:0: Direct-Access     VBOX     HARDDISK         1.0  PQ: 0 ANSI: 5
[   17.365928] scsi target2:0:0: Beginning Domain Validation
[   18.011982] scsi target2:0:0: Domain Validation skipping write tests
[   18.611793] scsi target2:0:0: Ending Domain Validation
[   19.180502] scsi target2:0:0: asynchronous
[   19.228007] scsi 2:0:1:0: Direct-Access     VBOX     HARDDISK         1.0  PQ: 0 ANSI: 5
[   20.166514] scsi target2:0:1: Beginning Domain Validation
[   20.211385] scsi target2:0:1: Domain Validation skipping write tests
[   20.244076] scsi target2:0:1: Ending Domain Validation
[   20.285641] scsi target2:0:1: asynchronous
[   20.569775] sd 2:0:0:0: Attached scsi generic sg0 type 0
[   20.570693] sd 2:0:0:0: [sda] 20971520 512-byte logical blocks: (10.7 GB/10.0 GiB)
[   20.570868] sd 2:0:1:0: [sdb] 20480 512-byte logical blocks: (10.5 MB/10.0 MiB)
[   20.571002] sd 2:0:1:0: [sdb] Write Protect is off
[   20.571018] sd 2:0:1:0: Attached scsi generic sg1 type 0
[   20.571094] sd 2:0:1:0: [sdb] Incomplete mode parameter data
[   20.571095] sd 2:0:1:0: [sdb] Assuming drive cache: write through
[   20.577242] sd 2:0:0:0: [sda] Write Protect is off
[   20.584286] sd 2:0:1:0: [sdb] Attached SCSI disk
[   20.620187] sd 2:0:0:0: [sda] Incomplete mode parameter data
[   20.740169] sd 2:0:0:0: [sda] Assuming drive cache: write through
[   20.922702]  sda: sda1
[   20.924541] sd 2:0:0:0: [sda] Attached SCSI disk
Begin: Loading essential drivers ... [   22.209241] md: linear personality registered for level -1
[   22.212296] md: multipath personality registered for level -4
[   22.262455] md: raid0 personality registered for level 0
[   22.302722] md: raid1 personality registered for level 1
[   22.371943] raid6: sse2x1   gen() 12633 MB/s
[   22.552027] raid6: sse2x1   xor()  9306 MB/s
[   22.679536] raid6: sse2x2   gen() 16235 MB/s
[   22.840410] raid6: sse2x2   xor() 10794 MB/s
[   22.959858] raid6: sse2x4   gen() 16674 MB/s
[   23.151898] raid6: sse2x4   xor()  7777 MB/s
[   23.377816] raid6: avx2x1   gen() 25814 MB/s
[   23.515735] raid6: avx2x2   gen() 27394 MB/s
[   23.668329] raid6: avx2x4   gen() 32879 MB/s
[   23.757875] raid6: using algorithm avx2x4 gen() 32879 MB/s
[   23.900173] raid6: using avx2x2 recovery algorithm
[   24.071264] xor: automatically using best checksumming function:
[   24.111524]    avx       : 21869.000 MB/sec
[   24.118953] async_tx: api initialized (async)
[   24.126445] md: raid6 personality registered for level 6
[   24.163073] md: raid5 personality registered for level 5
[   24.164157] md: raid4 personality registered for level 4
[   24.176093] md: raid10 personality registered for level 10
done.
Begin: Running /scripts/init-premount ... done.
Begin: Mounting root file system ... Begin: Running /scripts/local-top ... done.
Begin: Running /scripts/local-premount ... [   24.216685] Btrfs loaded
Scanning for Btrfs filesystems
done.
Warning: fsck no[   24.301712] EXT4-fs (sda1): INFO: recovery required on readonly filesystem
t present, so skipping root file system
[   24.344845] EXT4-fs (sda1): write access will be enabled during recovery
[   24.560452] random: nonblocking pool is initialized
[   24.679532] EXT4-fs (sda1): orphan cleanup on readonly fs
[   25.166393] EXT4-fs (sda1): 2 orphan inodes deleted
[   25.567230] EXT4-fs (sda1): recovery complete
[   25.589089] EXT4-fs (sda1): mounted filesystem with ordered data mode. Opts: (null)
done.
Begin: Running /scripts/local-bottom ... done.
Begin: Running /scripts/init-bottom ... done.
[   26.112511] systemd[1]: systemd 229 running in system mode. (+PAM +AUDIT +SELINUX +IMA +APPARMOR +SMACK +SYSVINIT +UTMP +LIBCRYPTSETUP +GCRYPT +GNUTLS +ACL +XZ -LZ4 +SECCOMP +BLKID +ELFUTILS +KMOD -IDN)
[   26.335958] systemd[1]: Detected virtualization oracle.
[   26.339644] systemd[1]: Detected architecture x86-64.

Welcome to [1mUbuntu 16.04.4 LTS[0m!

[   26.352518] systemd[1]: Set hostname to <ubuntu-xenial>.
[   27.287922] systemd[1]: Started Trigger resolvconf update for networkd DNS.
[[0;32m  OK  [0m] Started Trigger resolvconf update for networkd DNS.
[   27.289989] systemd[1]: Listening on LVM2 poll daemon socket.
[[0;32m  OK  [0m] Listening on LVM2 poll daemon socket.
[   27.291637] systemd[1]: Listening on udev Kernel Socket.
[[0;32m  OK  [0m] Listening on udev Kernel Socket.
[   27.293175] systemd[1]: Listening on Device-mapper event daemon FIFOs.
[[0;32m  OK  [0m] Listening on Device-mapper event daemon FIFOs.
[   27.295073] systemd[1]: Set up automount Arbitrary Executable File Formats File System Automount Point.
[[0;32m  OK  [0m] Set up automount Arbitrary Executab...ats File System Automount Point.
[   27.396112] systemd[1]: Created slice User and Session Slice.
[[0;32m  OK  [0m] Created slice User and Session Slice.
[   27.398237] systemd[1]: Listening on Syslog Socket.
[[0;32m  OK  [0m] Listening on Syslog Socket.
[   27.400026] systemd[1]: Listening on LVM2 metadata daemon socket.
[[0;32m  OK  [0m] Listening on LVM2 metadata daemon socket.
[   27.402072] systemd[1]: Reached target User and Group Name Lookups.
[[0;32m  OK  [0m] Reached target User and Group Name Lookups.
[   27.425975] systemd[1]: Reached target System Time Synchronized.
[[0;32m  OK  [0m] Reached target System Time Synchronized.
[   27.437826] systemd[1]: Started Forward Password Requests to Wall Directory Watch.
[[0;32m  OK  [0m] Started Forward Password Requests to Wall Directory Watch.
[   27.520427] systemd[1]: Listening on Journal Audit Socket.
[[0;32m  OK  [0m] Listening on Journal Audit Socket.
[   27.711999] systemd[1]: Reached target Swap.
[[0;32m  OK  [0m] Reached target Swap.
[   27.819898] systemd[1]: Reached target Encrypted Volumes.
[[0;32m  OK  [0m] Reached target Encrypted Volumes.
[   28.144571] systemd[1]: Listening on udev Control Socket.
[[0;32m  OK  [0m] Listening on udev Control Socket.
[   28.272207] systemd[1]: Listening on Journal Socket.
[[0;32m  OK  [0m] Listening on Journal Socket.
[   28.462435] systemd[1]: Listening on /dev/initctl Compatibility Named Pipe.
[[0;32m  OK  [0m] Listening on /dev/initctl Compatibility Named Pipe.
[   28.464917] systemd[1]: Listening on Journal Socket (/dev/log).
[[0;32m  OK  [0m] Listening on Journal Socket (/dev/log).
[   28.474257] systemd[1]: Created slice System Slice.
[[0;32m  OK  [0m] Created slice System Slice.
[   28.499724] systemd[1]: Starting Monitoring of LVM2 mirrors, snapshots etc. using dmeventd or progress polling...
         Starting Monitoring of LVM2 mirrors... dmeventd or progress polling...
[   28.524246] systemd[1]: Starting Journal Service...
         Starting Journal Service...
[   28.596099] systemd[1]: Mounting POSIX Message Queue File System...
         Mounting POSIX Message Queue File System...
[   28.732283] systemd[1]: Starting Nameserver information manager...
         Starting Nameserver information manager...
[   28.856198] systemd[1]: Starting Uncomplicated firewall...
         Starting Uncomplicated firewall...
[   28.920296] systemd[1]: Starting Remount Root and Kernel File Systems...
         Starting Remount Root and Kernel File Systems...
[   28.994421] EXT4-fs (sda1): re-mounted. Opts: (null)
[   29.111883] systemd[1]: Starting Set console keymap...
         Starting Set console keymap...
[   29.256942] systemd[1]: Created slice system-serial\x2dgetty.slice.
[[0;32m  OK  [0m] Created slice system-serial\x2dgetty.slice.
[   29.388240] systemd[1]: Mounting Debug File System...
         Mounting Debug File System...
[   29.444079] systemd[1]: Starting Load Kernel Modules...
[   29.486882] Loading iSCSI transport class v2.0-870.
         Startin[   29.494025] iscsi: registered transport (tcp)
g Load Kernel Modules...
[   29.542486] iscsi: registered transport (iser)
[   29.551908] systemd[1]: Starting Create list of required static device nodes for the current kernel...
         Starting Create list of required st... nodes for the current kernel...
[   29.590480] systemd[1]: Mounting Huge Pages File System...
         Mounting Huge Pages File System...
[   29.631951] systemd[1]: Reached target Slices.
[[0;32m  OK  [0m] Reached target Slices.
[   29.728925] systemd[1]: Mounted Huge Pages File System.
[[0;32m  OK  [0m] Mounted Huge Pages File System.
[   29.881000] systemd[1]: Mounted POSIX Message Queue File System.
[[0;32m  OK  [0m] Mounted POSIX Message Queue File System.
[   30.020026] systemd[1]: Mounted Debug File System.
[[0;32m  OK  [0m] Mounted Debug File System.
[   30.256939] systemd[1]: Started Journal Service.
[[0;32m  OK  [0m] Started Journal Service.
[[0;32m  OK  [0m] Started Uncomplicated firewall.
[[0;32m  OK  [0m] Started Remount Root and Kernel File Systems.
[[0;32m  OK  [0m] Started Set console keymap.
[[0;32m  OK  [0m] Started Load Kernel Modules.
[[0;32m  OK  [0m] Started Create list of required sta...ce nodes for the current kernel.
[[0;32m  OK  [0m] Started Nameserver information manager.
[[0;32m  OK  [0m] Started LVM2 metadata daemon.
         Starting Create Static Device Nodes in /dev...
         Starting Apply Kernel Variables...
         Mounting FUSE Control File System...
         Starting udev Coldplug all Devices...
         Starting Load/Save Random Seed...
         Starting Flush Journal to Persistent Storage...
[[0;32m  OK  [0m] Mounted FUSE Control File System.
[[0;32m  OK  [0m] Started Apply Kernel Variables.
[[0;32m  OK  [0m] Started Load/Save Random Seed.
[[0;32m  OK  [0m] Started udev Coldplug all Devices.
[[0;32m  OK  [0m] Started Flush Journal to Persistent Storage.
[[0;32m  OK  [0m] Started Monitoring of LVM2 mirrors,...ng dmeventd or progress polling.
[[0;32m  OK  [0m] Started Create Static Device Nodes in /dev.
         Starting udev Kernel Device Manager...
[[0;32m  OK  [0m] Started udev Kernel Device Manager.
[[0;32m  OK  [0m] Reached target Local File Systems (Pre).
[[0;32m  OK  [0m] Reached target Local File Systems.
         Starting Create Volatile Files and Directories...
         Starting LSB: AppArmor initialization...
         Starting Initial cloud-init job (pre-networking)...
         Starting Set console font and keymap...
         Starting Tell Plymouth To Write Out Runtime Data...
[[0;32m  OK  [0m] Started Dispatch Password Requests to Console Directory Watch.
[[0;32m  OK  [0m] Started Create Volatile Files and Directories.
         Starting Update UTMP about System Boot/Shutdown...
[[0;32m  OK  [0m] Started Tell Plymouth To Write Out Runtime Data.
[[0;32m  OK  [0m] Started Update UTMP about System Boot/Shutdown.
[[0;32m  OK  [0m] Found device /dev/ttyS0.
[[0;32m  OK  [0m] Found device 82540EM Gigabit Ethern...r (PRO/1000 MT Desktop Adapter).
[[0;32m  OK  [0m] Found device 82540EM Gigabit Ethern...r (PRO/1000 MT Desktop Adapter).
[[0;32m  OK  [0m] Started Set console font and keymap.
[[0;32m  OK  [0m] Created slice system-getty.slice.
[[0;32m  OK  [0m] Listening on Load/Save RF Kill Switch Status /dev/rfkill Watch.
[[0;32m  OK  [0m] Started LSB: AppArmor initialization.
[   32.569754] cloud-init[479]: Cloud-init v. 18.2 running 'init-local' at Fri, 25 May 2018 06:59:14 +0000. Up 32.06 seconds.
[[0;32m  OK  [0m] Started Initial cloud-init job (pre-networking).
[[0;32m  OK  [0m] Reached target Network (Pre).
         Starting Raise network interfaces...
[[0;32m  OK  [0m] Started ifup for enp0s3.
[[0;32m  OK  [0m] Started ifup for enp0s8.
[[0;32m  OK  [0m] Started Raise network interfaces.
[[0;32m  OK  [0m] Reached target Network.
         Starting Initial cloud-init job (metadata service crawler)...
[   34.111107] cloud-init[1037]: Cloud-init v. 18.2 running 'init' at Fri, 25 May 2018 06:59:15 +0000. Up 33.23 seconds.
[   34.119582] cloud-init[1037]: ci-info: ++++++++++++++++++++++++++++++++++++++Net device info++++++++++++++++++++++++++++++++++++++
[   34.121736] cloud-init[1037]: ci-info: +--------+------+-----------------------------+---------------+-------+-------------------+
[   34.123860] cloud-init[1037]: ci-info: | Device |  Up  |           Address           |      Mask     | Scope |     Hw-Address    |
[   34.220803] [cloud-init[0;32m  OK  [0m[1037]: ] ci-info: +--------+------+-----------------------------+---------------+-------+-------------------+Started Initial cloud-init job (metadata service crawler).

[   34.464618] [cloud-init[0;32m  OK  [0m[1037]: ] ci-info: | enp0s3 | True |          10.0.2.15          | 255.255.255.0 |   .   | 02:a3:be:24:b1:4f |Reached target Network is Online.

[   34.653335]          Starting iSCSI initiator daemon (iscsid)...
[[0;32m  OK  [0m] Reached target Cloud-config availability.
[[0;32m  OK  [0m] Reached target System Initialization.
         Starting Socket activation for snappy daemon.
[[0;32m  OK  [0m] Listening on D-Bus System Message Bus Socket.
[[0;32m  OK  [0m] Listening on ACPID Listen Socket.
cloud-init[1037]: ci-info: | enp0s3 | True |  fe80::a3:beff:fe24:b14f/64 |       .       |  link | 02:a3:be:24:b1:4f |
[   35.045386] [[0;32m  OK  [0m] Started Daily apt download activities.
cloud-init[1037]: ci-info: | enp0s8 | True |        192.168.39.45        | 255.255.255.0 |   .   | 08:00:27:e2:1a:df |
[   35.248722] [cloud-init[0;32m  OK  [0m[1037]: ] ci-info: | enp0s8 | True | fe80::a00:27ff:fee2:1adf/64 |       .       |  link | 08:00:27:e2:1a:df |Started ACPI Events Check.

[   35.460940] [[0;32m  OK  [0m] Reached target Paths.
[[0;32m  OK  [0m] Started Daily Cleanup of Temporary Directories.
[[0;32m  OK  [0m] Started Daily apt upgrade and clean activities.
[[0;32m  OK  [0m] Reached target Timers.
[[0;32m  OK  [0m] Listening on UUID daemon activation socket.
         Starting LXD - unix socket.
cloud-init[1037]: ci-info: |   lo   | True |          127.0.0.1          |   255.0.0.0   |   .   |         .         |
[   35.604600] [[0;32m  OK  [0m] Listening on Socket activation for snappy daemon.
[[0;32m  OK  [0m] Listening on LXD - unix socket.
[[0;32m  OK  [0m] Started iSCSI initiator daemon (iscsid).
cloud-init[1037]: ci-info: |   lo   | True |           ::1/128           |       .       |  host |         .         |
[   35.608809] cloud-init[1037]: ci-info: +--------+------+-----------------------------+---------------+-------+-------------------+
[   35.612020] cloud-init[1037]: ci-info: ++++++++++++++++++++++++++++Route IPv4 info++++++++++++++++++++++++++++
         Starting Login to default iSCSI targets...
[[0;32m  OK  [0m] Reached target Sockets.
[[0;32m  OK  [0m] Reached target Basic System.
[   35.659853] cloud-init[1037]: ci-info: +-------+--------------+----------+---------------+-----------+-------+
[   35.836688]          cloud-initStarting System Logging Service...[1037]: 
ci-info: | Route | Destination  | Gateway  |    Genmask    | Interface | Flags |
[   35.972746] [cloud-init[0;32m  OK  [0m[1037]: ] ci-info: +-------+--------------+----------+---------------+-----------+-------+Started Regular background program processing daemon.

[   35.973247] cloud-init[1037]: ci-info: |   0   |   0.0.0.0    | 10.0.2.2 |    0.0.0.0    |   enp0s3  |   UG  |
[   36.066522] cloud-init[1037]: ci-info: |   1   |   10.0.2.0   | 0.0.0.0  | 255.255.255.0 |   enp0s3  |   U   |
[   36.098788]          cloud-initStarting The PHP 7.0 FastCGI Process Manager...[1037]: 
ci-info: |   2   | 192.168.39.0 | 0.0.0.0  | 255.255.255.0 |   enp0s8  |   U   |
[   36.151600] cloud-init         Starting vboxadd.service...
[1037]: ci-info: +-------+--------------+----------+---------------+-----------+-------+
         Starting Apply the settings specified in cloud-config...
         Starting /etc/rc.local Compatibility...
[[0;32m  OK  [0m] Started ACPI event daemon.
[[0;32m  OK  [0m] Started D-Bus System Message Bus.
[   36.814557] cloud-init[1116]: Cloud-init v. 18.2 running 'modules:config' at Fri, 25 May 2018 06:59:18 +0000. Up 36.33 seconds.
         Starting Login Service...
         Starting Accounts Service...
         Starting Snappy daemon...
[[0;32m  OK  [0m] Started FUSE filesystem for LXC.
         Starting LSB: Record successful boot for GRUB...
[[0;32m  OK  [0m] Started Unattended Upgrades Shutdown.
         Starting LSB: MD monitoring daemon...
[[0;32m  OK  [0m] Started Deferred execution scheduler.
         Starting LXD - container startup/shutdown...
         Starting OpenBSD Secure Shell server...
[[0;32m  OK  [0m] Started System Logging Service.
[[0;32m  OK  [0m] Started vboxadd.service.
[[0;32m  OK  [0m] Started Apply the settings specified in cloud-config.
[[0;32m  OK  [0m] Started /etc/rc.local Compatibility.
         Starting vboxadd-service.service...
[[0;32m  OK  [0m] Started Login Service.
[[0;32m  OK  [0m] Started LSB: Record successful boot for GRUB.
[[0;32m  OK  [0m] Started Login to default iSCSI targets.
[[0;32m  OK  [0m] Reached target Remote File Systems (Pre).
[[0;32m  OK  [0m] Reached target Remote File Systems.
         Starting Permit User Sessions...
         Starting LSB: Set the CPU Frequency Scaling governor to "ondemand"...
         Starting LSB: Apache2 web server...
         Starting LSB: daemon to balance interrupts for SMP systems...
         Starting LSB: automatic crash report generation...
[[0;32m  OK  [0m] Started LSB: MD monitoring daemon.
[[0;1;31mFAILED[0m] Failed to start vboxadd-service.service.
See 'systemctl status vboxadd-service.service' for details.
[[0;32m  OK  [0m] Started Permit User Sessions.
[[0;32m  OK  [0m] Started LSB: Set the CPU Frequency Scaling governor to "ondemand".
         Starting Terminate Plymouth Boot Screen...
         Starting Hold until boot process finishes up...
[[0;32m  OK  [0m] Started Terminate Plymouth Boot Screen.
[[0;32m  OK  [0m] Started Hold until boot process finishes up.
[[0;32m  OK  [0m] Started Getty on tty1.
         Starting Set console scheme...
[[0;32m  OK  [0m] Started Serial Getty on ttyS0.
[[0;32m  OK  [0m] Reached target Login Prompts.
[[0;32m  OK  [0m] Started Set console scheme.
[[0;32m  OK  [0m] Started LSB: automatic crash report generation.
[[0;32m  OK  [0m] Started LSB: daemon to balance interrupts for SMP systems.
[[0;32m  OK  [0m] Started The PHP 7.0 FastCGI Process Manager.
         Starting Authenticate and Authorize Users to Run Privileged Tasks...
[[0;32m  OK  [0m] Started OpenBSD Secure Shell server.
[[0;32m  OK  [0m] Started Authenticate and Authorize Users to Run Privileged Tasks.
[[0;32m  OK  [0m] Started Accounts Service.
[[0;32m  OK  [0m] Created slice User Slice of vagrant.
         Starting User Manager for UID 1000...
[[0;32m  OK  [0m] Started Session 1 of user vagrant.
[[0;32m  OK  [0m] Started User Manager for UID 1000.
[[0;32m  OK  [0m] Started LXD - container startup/shutdown.
[[0;32m  OK  [0m] Started LSB: Apache2 web server.
[[0;32m  OK  [0m] Started Snappy daemon.
[[0;32m  OK  [0m] Reached target Multi-User System.
         Starting Execute cloud user/final scripts...
[[0;32m  OK  [0m] Reached target Graphical Interface.
         Starting Update UTMP about System Runlevel Changes...
[[0;32m  OK  [0m] Started Update UTMP about System Runlevel Changes.
[   43.042510] cloud-init[1342]: Cloud-init v. 18.2 running 'modules:final' at Fri, 25 May 2018 06:59:24 +0000. Up 42.59 seconds.
[   43.044508] cloud-init[1342]: Cloud-init v. 18.2 finished at Fri, 25 May 2018 06:59:25 +0000. Datasource DataSourceNoCloud [seed=/dev/sdb][dsmode=net].  Up 43.03 seconds
[[0;32m  OK  [0m] Started Execute cloud user/final scripts.
[[0;32m  OK  [0m] Reached target Cloud-init target.
         Starting Daily apt download activities...

Ubuntu 16.04.4 LTS ubuntu-xenial ttyS0

ubuntu-xenial login: 